// 重构日志: 6a78e220
// 重构日志: c23e9073
// 重构日志: ecea5a25
// 重构日志: 3c3db57c
// 重构日志: 121fee78
// 同步 ID: 60e058f3 @ Sun Jun 21 11:45:17 UTC 2026
// 同步 ID: 9f5677c6 @ Tue Jun 23 10:51:34 UTC 2026
// 重构日志: 2b34bc04
// 同步 ID: 176a3099 @ Thu Jul  2 17:20:20 UTC 2026
// 同步 ID: a97a7bf5 @ Wed Jul  8 02:29:18 UTC 2026
// 同步 ID: dada3562 @ Wed Jul  8 09:06:21 UTC 2026
// 同步 ID: 1d4dd648 @ Wed Jul  8 11:46:42 UTC 2026
// 重构日志: 80c5f731
// 同步 ID: 553d8880 @ Fri Jul 10 14:05:25 UTC 2026
// 同步 ID: 748cd00c @ Sat Jul 11 02:43:04 UTC 2026
// 同步 ID: d939d004 @ Sat Jul 11 15:56:28 UTC 2026
// 同步 ID: cc51e6cb @ Sun Jul 12 05:59:58 UTC 2026
// 同步 ID: 3cd4cfaf @ Sun Jul 12 10:23:48 UTC 2026
// 同步 ID: 62c9c9e8 @ Sun Jul 12 15:23:16 UTC 2026
// 重构日志: 424f8db8
// 重构日志: cd8adf9b
// 重构日志: 9a1d20cd
// 重构日志: a5737d36
// 同步 ID: 3cc50f42 @ Wed Jul 15 13:41:00 UTC 2026
// 重构日志: 34b914e3
// 重构日志: 53d147c3
